2026-02-25 17:43:03,059 [INFO] 📡 Pulling Model from Registry: models:/PlantModel_Prod/Production
2026-02-25 17:45:09,856 [INFO] --- System Test ---
2026-02-25 17:45:09,856 [INFO] TensorFlow Version: 2.20.0
2026-02-25 17:45:11,766 [INFO] ✅ SUCCESS: GPU Detected and Enforced -> PhysicalDevice(name='/physical_device:GPU:0', device_type='GPU')
2026-02-25 17:45:11,767 [INFO] Detected Devices: [PhysicalDevice(name='/physical_device:CPU:0', device_type='CPU'), PhysicalDevice(name='/physical_device:GPU:0', device_type='GPU')]
2026-02-25 17:45:11,767 [INFO] --- Dataset Verification ---
2026-02-25 17:45:11,772 [INFO] ✅ Success! Path exists.
2026-02-25 17:45:11,772 [INFO] ✅ Total Classes Found: 38
2026-02-25 17:45:11,772 [INFO] Sample Classes (First 10): ['Apple___Apple_scab', 'Apple___Black_rot', 'Apple___Cedar_apple_rust', 'Apple___healthy', 'Blueberry___healthy', 'Cherry_(including_sour)___Powdery_mildew', 'Cherry_(including_sour)___healthy', 'Corn_(maize)___Cercospora_leaf_spot Gray_leaf_spot', 'Corn_(maize)___Common_rust_', 'Corn_(maize)___Northern_Leaf_Blight']
2026-02-25 17:45:17,956 [INFO] ✅ Production Model Loaded into Wrapper.
2026-02-25 17:45:19,986 [INFO] ✅ Production Model Loaded Successfully.
2026-02-25 17:50:02,931 [INFO] 📡 Pulling Model from Registry: models:/PlantModel_Prod/Production
2026-02-25 17:51:24,406 [INFO] --- System Test ---
2026-02-25 17:51:24,406 [INFO] TensorFlow Version: 2.20.0
2026-02-25 17:51:25,963 [INFO] ✅ SUCCESS: GPU Detected and Enforced -> PhysicalDevice(name='/physical_device:GPU:0', device_type='GPU')
2026-02-25 17:51:25,968 [INFO] Detected Devices: [PhysicalDevice(name='/physical_device:CPU:0', device_type='CPU'), PhysicalDevice(name='/physical_device:GPU:0', device_type='GPU')]
2026-02-25 17:51:25,968 [INFO] --- Dataset Verification ---
2026-02-25 17:51:25,969 [INFO] ✅ Success! Path exists.
2026-02-25 17:51:25,970 [INFO] ✅ Total Classes Found: 38
2026-02-25 17:51:25,970 [INFO] Sample Classes (First 10): ['Apple___Apple_scab', 'Apple___Black_rot', 'Apple___Cedar_apple_rust', 'Apple___healthy', 'Blueberry___healthy', 'Cherry_(including_sour)___Powdery_mildew', 'Cherry_(including_sour)___healthy', 'Corn_(maize)___Cercospora_leaf_spot Gray_leaf_spot', 'Corn_(maize)___Common_rust_', 'Corn_(maize)___Northern_Leaf_Blight']
2026-02-25 17:51:35,439 [INFO] ✅ Production Model Loaded into Wrapper.
2026-02-25 17:51:36,738 [INFO] ✅ Production Model Loaded Successfully.
2026-02-25 17:54:06,106 [INFO] 📡 Pulling Model from Registry: models:/PlantModel_Prod/Production
2026-02-25 17:55:29,220 [INFO] --- System Test ---
2026-02-25 17:55:29,221 [INFO] TensorFlow Version: 2.20.0
2026-02-25 17:55:30,211 [INFO] ✅ SUCCESS: GPU Detected and Enforced -> PhysicalDevice(name='/physical_device:GPU:0', device_type='GPU')
2026-02-25 17:55:30,212 [INFO] Detected Devices: [PhysicalDevice(name='/physical_device:CPU:0', device_type='CPU'), PhysicalDevice(name='/physical_device:GPU:0', device_type='GPU')]
2026-02-25 17:55:30,212 [INFO] --- Dataset Verification ---
2026-02-25 17:55:30,214 [INFO] ✅ Success! Path exists.
2026-02-25 17:55:30,214 [INFO] ✅ Total Classes Found: 38
2026-02-25 17:55:30,215 [INFO] Sample Classes (First 10): ['Apple___Apple_scab', 'Apple___Black_rot', 'Apple___Cedar_apple_rust', 'Apple___healthy', 'Blueberry___healthy', 'Cherry_(including_sour)___Powdery_mildew', 'Cherry_(including_sour)___healthy', 'Corn_(maize)___Cercospora_leaf_spot Gray_leaf_spot', 'Corn_(maize)___Common_rust_', 'Corn_(maize)___Northern_Leaf_Blight']
2026-02-25 17:55:35,514 [INFO] ✅ Production Model Loaded into Wrapper.
2026-02-25 17:55:36,786 [INFO] ✅ Production Model Loaded Successfully.
2026-02-25 18:25:24,827 [INFO] ✨ Prediction: Orange___Haunglongbing_(Citrus_greening) | Confidence: 0.61 | Latency: 7.5676s
2026-02-25 18:27:59,454 [INFO] ✨ Prediction: Orange___Haunglongbing_(Citrus_greening) | Confidence: 0.56 | Latency: 0.1818s
2026-02-25 18:37:04,383 [INFO] ✨ Prediction: Orange___Haunglongbing_(Citrus_greening) | Confidence: 0.64 | Latency: 0.1405s
2026-02-25 18:37:43,208 [INFO] ✨ Prediction: Orange___Haunglongbing_(Citrus_greening) | Confidence: 0.64 | Latency: 0.1470s
2026-02-25 18:38:03,839 [INFO] ✨ Prediction: Orange___Haunglongbing_(Citrus_greening) | Confidence: 0.59 | Latency: 0.1208s
2026-02-25 18:44:43,749 [INFO] 📡 Pulling Model from Registry: models:/PlantModel_Prod/Production
2026-02-25 18:45:18,304 [INFO] --- System Test ---
2026-02-25 18:45:18,304 [INFO] TensorFlow Version: 2.20.0
2026-02-25 18:45:19,823 [INFO] ✅ SUCCESS: GPU Detected and Enforced -> PhysicalDevice(name='/physical_device:GPU:0', device_type='GPU')
2026-02-25 18:45:19,823 [INFO] Detected Devices: [PhysicalDevice(name='/physical_device:CPU:0', device_type='CPU'), PhysicalDevice(name='/physical_device:GPU:0', device_type='GPU')]
2026-02-25 18:45:19,823 [INFO] --- Dataset Verification ---
2026-02-25 18:45:19,824 [INFO] ✅ Success! Path exists.
2026-02-25 18:45:19,824 [INFO] ✅ Total Classes Found: 38
2026-02-25 18:45:19,824 [INFO] Sample Classes (First 10): ['Apple___Apple_scab', 'Apple___Black_rot', 'Apple___Cedar_apple_rust', 'Apple___healthy', 'Blueberry___healthy', 'Cherry_(including_sour)___Powdery_mildew', 'Cherry_(including_sour)___healthy', 'Corn_(maize)___Cercospora_leaf_spot Gray_leaf_spot', 'Corn_(maize)___Common_rust_', 'Corn_(maize)___Northern_Leaf_Blight']
2026-02-25 18:45:25,520 [INFO] ✅ Production Model Loaded into Wrapper.
2026-02-25 18:45:29,559 [INFO] ✅ Production Model Loaded Successfully.
2026-02-25 18:48:58,147 [INFO] 📡 Pulling Model from Registry: models:/PlantModel_Prod/Production
2026-02-25 18:49:28,832 [INFO] --- System Test ---
2026-02-25 18:49:28,833 [INFO] TensorFlow Version: 2.20.0
2026-02-25 18:49:29,795 [INFO] ✅ SUCCESS: GPU Detected and Enforced -> PhysicalDevice(name='/physical_device:GPU:0', device_type='GPU')
2026-02-25 18:49:29,795 [INFO] Detected Devices: [PhysicalDevice(name='/physical_device:CPU:0', device_type='CPU'), PhysicalDevice(name='/physical_device:GPU:0', device_type='GPU')]
2026-02-25 18:49:29,795 [INFO] --- Dataset Verification ---
2026-02-25 18:49:29,796 [INFO] ✅ Success! Path exists.
2026-02-25 18:49:29,797 [INFO] ✅ Total Classes Found: 38
2026-02-25 18:49:29,798 [INFO] Sample Classes (First 10): ['Apple___Apple_scab', 'Apple___Black_rot', 'Apple___Cedar_apple_rust', 'Apple___healthy', 'Blueberry___healthy', 'Cherry_(including_sour)___Powdery_mildew', 'Cherry_(including_sour)___healthy', 'Corn_(maize)___Cercospora_leaf_spot Gray_leaf_spot', 'Corn_(maize)___Common_rust_', 'Corn_(maize)___Northern_Leaf_Blight']
2026-02-25 18:49:34,864 [INFO] ✅ Production Model Loaded into Wrapper.
2026-02-25 18:49:40,909 [INFO] ✅ Production Model Loaded Successfully.
2026-02-25 18:53:48,425 [INFO] ✨ Prediction: Pepper,_bell___Bacterial_spot | Confidence: 1.00 | Latency: 7.2035s
2026-02-25 18:59:51,435 [INFO] ✨ Prediction: Pepper,_bell___healthy | Confidence: 1.00 | Latency: 0.1321s
2026-02-25 19:00:02,006 [INFO] ✨ Prediction: Potato___Early_blight | Confidence: 1.00 | Latency: 0.1306s
2026-02-25 19:11:34,117 [INFO] ✨ Prediction: Tomato___Target_Spot | Confidence: 0.97 | Latency: 0.1452s
2026-02-25 19:13:43,167 [INFO] 📡 Pulling Model from Registry: models:/PlantModel_Prod/Production
2026-02-25 19:14:16,765 [INFO] --- System Test ---
2026-02-25 19:14:16,766 [INFO] TensorFlow Version: 2.20.0
2026-02-25 19:14:17,749 [INFO] ✅ SUCCESS: GPU Detected and Enforced -> PhysicalDevice(name='/physical_device:GPU:0', device_type='GPU')
2026-02-25 19:14:17,749 [INFO] Detected Devices: [PhysicalDevice(name='/physical_device:CPU:0', device_type='CPU'), PhysicalDevice(name='/physical_device:GPU:0', device_type='GPU')]
2026-02-25 19:14:17,750 [INFO] --- Dataset Verification ---
2026-02-25 19:14:17,753 [INFO] ✅ Success! Path exists.
2026-02-25 19:14:17,753 [INFO] ✅ Total Classes Found: 38
2026-02-25 19:14:17,753 [INFO] Sample Classes (First 10): ['Apple___Apple_scab', 'Apple___Black_rot', 'Apple___Cedar_apple_rust', 'Apple___healthy', 'Blueberry___healthy', 'Cherry_(including_sour)___Powdery_mildew', 'Cherry_(including_sour)___healthy', 'Corn_(maize)___Cercospora_leaf_spot Gray_leaf_spot', 'Corn_(maize)___Common_rust_', 'Corn_(maize)___Northern_Leaf_Blight']
2026-02-25 19:14:22,761 [INFO] ✅ Production Model Loaded into Wrapper.
2026-02-25 19:14:23,890 [INFO] ✅ Production Model Loaded Successfully.
2026-02-25 21:58:48,389 [INFO] 📡 Pulling Model from Registry: models:/PlantModel_Prod/Production
2026-02-25 22:00:41,234 [INFO] --- System Test ---
2026-02-25 22:00:41,234 [INFO] TensorFlow Version: 2.20.0
2026-02-25 22:00:45,297 [INFO] ✅ SUCCESS: GPU Detected and Enforced -> PhysicalDevice(name='/physical_device:GPU:0', device_type='GPU')
2026-02-25 22:00:45,298 [INFO] Detected Devices: [PhysicalDevice(name='/physical_device:CPU:0', device_type='CPU'), PhysicalDevice(name='/physical_device:GPU:0', device_type='GPU')]
2026-02-25 22:00:45,299 [INFO] --- Dataset Verification ---
2026-02-25 22:00:45,305 [INFO] ✅ Success! Path exists.
2026-02-25 22:00:45,306 [INFO] ✅ Total Classes Found: 38
2026-02-25 22:00:45,306 [INFO] Sample Classes (First 10): ['Apple___Apple_scab', 'Apple___Black_rot', 'Apple___Cedar_apple_rust', 'Apple___healthy', 'Blueberry___healthy', 'Cherry_(including_sour)___Powdery_mildew', 'Cherry_(including_sour)___healthy', 'Corn_(maize)___Cercospora_leaf_spot Gray_leaf_spot', 'Corn_(maize)___Common_rust_', 'Corn_(maize)___Northern_Leaf_Blight']
2026-02-25 22:01:00,689 [INFO] ✅ Production Model Loaded into Wrapper.
2026-02-25 22:01:05,278 [INFO] ✅ Production Model Loaded Successfully.
2026-02-25 22:12:12,911 [INFO] ✨ Prediction: Tomato___Spider_mites Two-spotted_spider_mite | Confidence: 0.79 | Latency: 19.8605s
2026-02-25 22:15:33,562 [INFO] ✨ Prediction: Potato___Early_blight | Confidence: 1.00 | Latency: 0.2305s
2026-02-25 22:36:04,339 [INFO] 📡 Pulling Model from Registry: models:/PlantModel_Prod/Production
2026-02-25 22:36:38,665 [INFO] --- System Test ---
2026-02-25 22:36:38,665 [INFO] TensorFlow Version: 2.20.0
2026-02-25 22:36:39,576 [INFO] ✅ SUCCESS: GPU Detected and Enforced -> PhysicalDevice(name='/physical_device:GPU:0', device_type='GPU')
2026-02-25 22:36:39,577 [INFO] Detected Devices: [PhysicalDevice(name='/physical_device:CPU:0', device_type='CPU'), PhysicalDevice(name='/physical_device:GPU:0', device_type='GPU')]
2026-02-25 22:36:39,577 [INFO] --- Dataset Verification ---
2026-02-25 22:36:39,578 [INFO] ✅ Success! Path exists.
2026-02-25 22:36:39,578 [INFO] ✅ Total Classes Found: 38
2026-02-25 22:36:39,579 [INFO] Sample Classes (First 10): ['Apple___Apple_scab', 'Apple___Black_rot', 'Apple___Cedar_apple_rust', 'Apple___healthy', 'Blueberry___healthy', 'Cherry_(including_sour)___Powdery_mildew', 'Cherry_(including_sour)___healthy', 'Corn_(maize)___Cercospora_leaf_spot Gray_leaf_spot', 'Corn_(maize)___Common_rust_', 'Corn_(maize)___Northern_Leaf_Blight']
2026-02-25 22:36:47,799 [INFO] ✅ Production Model Loaded into Wrapper.
2026-02-25 22:36:48,881 [INFO] ✅ Production Model Loaded Successfully.
2026-02-25 22:36:48,882 [INFO] 🔥 Starting GPU/CPU Warm-up (Cold Start Mitigation)...
2026-02-25 22:36:55,270 [INFO] ⚡ Warm-up Complete. System is now highly responsive!
2026-02-25 22:41:43,580 [INFO] ✨ Prediction: Potato___Early_blight | Confidence: 1.00 | Latency: 0.1624s
2026-02-25 22:50:01,338 [INFO] 🛑 Shutting down PlantAPI...
2026-02-25 22:51:04,161 [INFO] 📡 Pulling Model from Registry: models:/PlantModel_Prod/Production
2026-02-25 22:51:37,214 [INFO] --- System Test ---
2026-02-25 22:51:37,214 [INFO] TensorFlow Version: 2.20.0
2026-02-25 22:51:38,190 [INFO] ✅ SUCCESS: GPU Detected and Enforced -> PhysicalDevice(name='/physical_device:GPU:0', device_type='GPU')
2026-02-25 22:51:38,190 [INFO] Detected Devices: [PhysicalDevice(name='/physical_device:CPU:0', device_type='CPU'), PhysicalDevice(name='/physical_device:GPU:0', device_type='GPU')]
2026-02-25 22:51:38,191 [INFO] --- Dataset Verification ---
2026-02-25 22:51:38,193 [INFO] ✅ Success! Path exists.
2026-02-25 22:51:38,194 [INFO] ✅ Total Classes Found: 38
2026-02-25 22:51:38,194 [INFO] Sample Classes (First 10): ['Apple___Apple_scab', 'Apple___Black_rot', 'Apple___Cedar_apple_rust', 'Apple___healthy', 'Blueberry___healthy', 'Cherry_(including_sour)___Powdery_mildew', 'Cherry_(including_sour)___healthy', 'Corn_(maize)___Cercospora_leaf_spot Gray_leaf_spot', 'Corn_(maize)___Common_rust_', 'Corn_(maize)___Northern_Leaf_Blight']
2026-02-25 22:51:43,145 [INFO] ✅ Production Model Loaded into Wrapper.
2026-02-25 22:51:44,266 [INFO] ✅ Production Model Loaded Successfully.
2026-02-25 22:51:44,267 [INFO] 🔥 Starting GPU/CPU Warm-up (Cold Start Mitigation)...
2026-02-25 22:51:54,618 [INFO] ⚡ Warm-up Complete. System is now highly responsive!
2026-02-25 23:11:33,161 [INFO] ✨ Prediction: Pepper,_bell___Bacterial_spot | Confidence: 1.00 | Latency: 0.1753s
2026-02-25 23:11:41,298 [INFO] ✨ Prediction: Tomato___Target_Spot | Confidence: 0.97 | Latency: 0.1281s
2026-02-25 23:19:39,118 [INFO] 🛑 Shutting down PlantAPI...
2026-02-25 23:20:42,336 [INFO] 📡 Pulling Model from Registry: models:/PlantModel_Prod/Production
2026-02-25 23:21:12,388 [INFO] --- System Test ---
2026-02-25 23:21:12,388 [INFO] TensorFlow Version: 2.20.0
2026-02-25 23:21:13,314 [INFO] ✅ SUCCESS: GPU Detected and Enforced -> PhysicalDevice(name='/physical_device:GPU:0', device_type='GPU')
2026-02-25 23:21:13,314 [INFO] Detected Devices: [PhysicalDevice(name='/physical_device:CPU:0', device_type='CPU'), PhysicalDevice(name='/physical_device:GPU:0', device_type='GPU')]
2026-02-25 23:21:13,314 [INFO] --- Dataset Verification ---
2026-02-25 23:21:13,317 [INFO] ✅ Success! Path exists.
2026-02-25 23:21:13,318 [INFO] ✅ Total Classes Found: 38
2026-02-25 23:21:13,318 [INFO] Sample Classes (First 10): ['Apple___Apple_scab', 'Apple___Black_rot', 'Apple___Cedar_apple_rust', 'Apple___healthy', 'Blueberry___healthy', 'Cherry_(including_sour)___Powdery_mildew', 'Cherry_(including_sour)___healthy', 'Corn_(maize)___Cercospora_leaf_spot Gray_leaf_spot', 'Corn_(maize)___Common_rust_', 'Corn_(maize)___Northern_Leaf_Blight']
2026-02-25 23:21:21,234 [INFO] ✅ Production Model Loaded into Wrapper.
2026-02-25 23:21:22,326 [INFO] ✅ Production Model Loaded Successfully.
2026-02-25 23:21:22,326 [INFO] 🔥 Starting GPU/CPU Warm-up (Cold Start Mitigation)...
2026-02-25 23:21:28,628 [INFO] ⚡ Warm-up Complete. System is now highly responsive!
2026-02-25 23:57:01,849 [INFO] ✨ Prediction: Tomato___Target_Spot | Confidence: 0.97 | Latency: 0.2589s
